<?xml version="1.0" encoding="UTF-8"?>
<!-- Generated by org.testng.reporters.JUnitReportReporter -->
<testsuite hostname="LAPTOP-9KH57PMB" failures="0" tests="4" name="com.excelr.testcases.DashBoardPage" time="79.768" errors="0" timestamp="2022-12-25T23:35:47 IST" skipped="0">
  <testcase classname="com.excelr.testcases.DashBoardPage" name="timeatworksection" time="24.255"/>
  <system-out/>
  <testcase classname="com.excelr.testcases.DashBoardPage" name="myActionsection" time="23.547"/>
  <system-out/>
  <testcase classname="com.excelr.testcases.DashBoardPage" name="QuickLauchSection" time="16.493"/>
  <system-out/>
  <testcase classname="com.excelr.testcases.DashBoardPage" name="employeesonleavesection" time="15.473"/>
  <system-out/>
</testsuite> <!-- com.excelr.testcases.DashBoardPage -->
